Arguments: 
  D:\Program Files\nodejs\node.exe D:\Program Files\Yarn\bin\yarn.js add node

PATH: 
  D:\Windows\system32;D:\Windows;D:\Windows\System32\Wbem;D:\Windows\System32\WindowsPowerShell\v1.0\;D:\Program Files\nodejs\;D:\Program Files\Yarn\bin\;D:\Program Files\Git\cmd;D:\Program Files\MySQL\MySQL Utilities 1.6\;D:\Program Files\MySQL\MySQL Server 5.7\bin;;D:\Users\E.Ahmed\AppData\Local\Programs\Microsoft VS Code\bin;D:\Users\E.Ahmed\AppData\Roaming\npm;D:\Users\E.Ahmed\AppData\Local\Yarn\bin;

Yarn version: 
  1.19.1

Node version: 
  12.13.0

Platform: 
  win32 ia32

Trace: 
  Error: connect EHOSTUNREACH 104.16.24.35:443
      at TCPConnectWrap.afterConnect [as oncomplete] (net.js:1128:14)

npm manifest: 
  {
    "name": "MYSQL_NODEJS",
    "version": "1.0.0",
    "main": "index.js",
    "repository": "https://github.com/Eman-El-Zetawy/MYSQL_NODEJS",
    "author": "Eman-El-zetawy <eman.el.zetawy12@gmail.com>",
    "license": "MIT"
  }

yarn manifest: 
  No manifest

Lockfile: 
  No lockfile
